# JRE version: OpenJDK Runtime Environment Temurin-21.0.7+6 (21.0.7+6) (build 21.0.7+6-LTS)
# Java VM: OpenJDK 64-Bit Server VM Temurin-21.0.7+6 (21.0.7+6-LTS, mixed mode, emulated-client, sharing, tiered, compressed oops, compressed class ptrs, g1 gc, windows-amd64)
GC Precious Log:
 CardTable entry size: 512
 Card Set container configuration: InlinePtr #cards 5 size 8 Array Of Cards #cards 12 size 40 Howl #buckets 4 coarsen threshold 1843 Howl Bitmap #cards 512 size 80 coarsen threshold 460 Card regions per heap region 1 cards per card region 2048
 CPUs: 4 total, 4 available
 Memory: 8079M
 Large Page Support: Disabled
 NUMA Support: Disabled
 Compressed Oops: Enabled (32-bit)
 Heap Region Size: 1M
 Heap Min Capacity: 8M
 Heap Initial Capacity: 128M
 Heap Max Capacity: 2020M
 Pre-touch: Disabled
 Parallel Workers: 4
 Concurrent Workers: 1
 Concurrent Refinement Workers: 4
 Periodic GC: Disabled
Heap:
 garbage-first heap   total 84992K, used 73351K [0x0000000081c00000, 0x0000000100000000)
  region size 1024K, 40 young (40960K), 3 survivors (3072K)
 Metaspace       used 82591K, committed 83648K, reserved 1179648K
  class space    used 10934K, committed 11456K, reserved 1048576K
GC Heap History (20 events):
Event: 10564.996 GC heap after
{Heap after GC invocations=210 (full 40):
 garbage-first heap   total 84992K, used 35240K [0x0000000081c00000, 0x0000000100000000)
  region size 1024K, 4 young (4096K), 4 survivors (4096K)
 Metaspace       used 80628K, committed 81792K, reserved 1179648K
  class space    used 10752K, committed 11392K, reserved 1048576K
}
Event: 10567.763 GC heap before
{Heap before GC invocations=211 (full 40):
 garbage-first heap   total 84992K, used 73128K [0x0000000081c00000, 0x0000000100000000)
  region size 1024K, 41 young (41984K), 4 survivors (4096K)
 Metaspace       used 80930K, committed 82048K, reserved 1179648K
  class space    used 10776K, committed 11392K, reserved 1048576K
}
Event: 10567.769 GC heap after
{Heap after GC invocations=212 (full 40):
 garbage-first heap   total 84992K, used 37773K [0x0000000081c00000, 0x0000000100000000)
  region size 1024K, 3 young (3072K), 3 survivors (3072K)
 Metaspace       used 80930K, committed 82048K, reserved 1179648K
  class space    used 10776K, committed 11392K, reserved 1048576K
}
Event: 10702.959 GC heap before
{Heap before GC invocations=212 (full 40):
 garbage-first heap   total 84992K, used 65421K [0x0000000081c00000, 0x0000000100000000)
  region size 1024K, 31 young (31744K), 3 survivors (3072K)
 Metaspace       used 81134K, committed 82240K, reserved 1179648K
  class space    used 10791K, committed 11392K, reserved 1048576K
}
Event: 10703.035 GC heap after
{Heap after GC invocations=213 (full 41):
 garbage-first heap   total 84992K, used 31726K [0x0000000081c00000, 0x0000000100000000)
  region size 1024K, 0 young (0K), 0 survivors (0K)
 Metaspace       used 81129K, committed 82240K, reserved 1179648K
  class space    used 10790K, committed 11392K, reserved 1048576K
}
Event: 10703.818 GC heap before
{Heap before GC invocations=213 (full 41):
 garbage-first heap   total 84992K, used 72686K [0x0000000081c00000, 0x0000000100000000)
  region size 1024K, 41 young (41984K), 0 survivors (0K)
 Metaspace       used 81252K, committed 82304K, reserved 1179648K
  class space    used 10807K, committed 11392K, reserved 1048576K
}
Event: 10703.822 GC heap after
{Heap after GC invocations=214 (full 41):
 garbage-first heap   total 84992K, used 35068K [0x0000000081c00000, 0x0000000100000000)
  region size 1024K, 4 young (4096K), 4 survivors (4096K)
 Metaspace       used 81252K, committed 82304K, reserved 1179648K
  class space    used 10807K, committed 11392K, reserved 1048576K
}
Event: 10706.840 GC heap before
{Heap before GC invocations=215 (full 41):
 garbage-first heap   total 84992K, used 73980K [0x0000000081c00000, 0x0000000100000000)
  region size 1024K, 42 young (43008K), 4 survivors (4096K)
 Metaspace       used 81526K, committed 82624K, reserved 1179648K
  class space    used 10833K, committed 11392K, reserved 1048576K
}
Event: 10706.848 GC heap after
{Heap after GC invocations=216 (full 41):
 garbage-first heap   total 84992K, used 39046K [0x0000000081c00000, 0x0000000100000000)
  region size 1024K, 5 young (5120K), 5 survivors (5120K)
 Metaspace       used 81526K, committed 82624K, reserved 1179648K
  class space    used 10833K, committed 11392K, reserved 1048576K
}
Event: 10712.959 GC heap before
{Heap before GC invocations=216 (full 41):
 garbage-first heap   total 84992K, used 52358K [0x0000000081c00000, 0x0000000100000000)
  region size 1024K, 19 young (19456K), 5 survivors (5120K)
 Metaspace       used 81677K, committed 82752K, reserved 1179648K
  class space    used 10849K, committed 11392K, reserved 1048576K
}
Event: 10713.031 GC heap after
{Heap after GC invocations=217 (full 42):
 garbage-first heap   total 84992K, used 31435K [0x0000000081c00000, 0x0000000100000000)
  region size 1024K, 0 young (0K), 0 survivors (0K)
 Metaspace       used 81642K, committed 82752K, reserved 1179648K
  class space    used 10842K, committed 11392K, reserved 1048576K
}
Event: 10713.921 GC heap before
{Heap before GC invocations=217 (full 42):
 garbage-first heap   total 84992K, used 71371K [0x0000000081c00000, 0x0000000100000000)
  region size 1024K, 40 young (40960K), 0 survivors (0K)
 Metaspace       used 81768K, committed 82816K, reserved 1179648K
  class space    used 10861K, committed 11392K, reserved 1048576K
}
Event: 10713.926 GC heap after
{Heap after GC invocations=218 (full 42):
 garbage-first heap   total 84992K, used 34871K [0x0000000081c00000, 0x0000000100000000)
  region size 1024K, 4 young (4096K), 4 survivors (4096K)
 Metaspace       used 81768K, committed 82816K, reserved 1179648K
  class space    used 10861K, committed 11392K, reserved 1048576K
}
Event: 10717.080 GC heap before
{Heap before GC invocations=219 (full 42):
 garbage-first heap   total 84992K, used 71735K [0x0000000081c00000, 0x0000000100000000)
  region size 1024K, 41 young (41984K), 4 survivors (4096K)
 Metaspace       used 82052K, committed 83072K, reserved 1179648K
  class space    used 10884K, committed 11392K, reserved 1048576K
}
Event: 10717.087 GC heap after
{Heap after GC invocations=220 (full 42):
 garbage-first heap   total 84992K, used 37286K [0x0000000081c00000, 0x0000000100000000)
  region size 1024K, 3 young (3072K), 3 survivors (3072K)
 Metaspace       used 82052K, committed 83072K, reserved 1179648K
  class space    used 10884K, committed 11392K, reserved 1048576K
}
Event: 10721.892 GC heap before
{Heap before GC invocations=220 (full 42):
 garbage-first heap   total 84992K, used 47526K [0x0000000081c00000, 0x0000000100000000)
  region size 1024K, 14 young (14336K), 3 survivors (3072K)
 Metaspace       used 82144K, committed 83200K, reserved 1179648K
  class space    used 10891K, committed 11392K, reserved 1048576K
}
Event: 10721.969 GC heap after
{Heap after GC invocations=221 (full 43):
 garbage-first heap   total 84992K, used 31729K [0x0000000081c00000, 0x0000000100000000)
  region size 1024K, 0 young (0K), 0 survivors (0K)
 Metaspace       used 82140K, committed 83200K, reserved 1179648K
  class space    used 10890K, committed 11392K, reserved 1048576K
}
Event: 10722.698 GC heap before
{Heap before GC invocations=221 (full 43):
 garbage-first heap   total 84992K, used 71665K [0x0000000081c00000, 0x0000000100000000)
  region size 1024K, 40 young (40960K), 0 survivors (0K)
 Metaspace       used 82264K, committed 83264K, reserved 1179648K
  class space    used 10908K, committed 11392K, reserved 1048576K
}
Event: 10722.703 GC heap after
{Heap after GC invocations=222 (full 43):
 garbage-first heap   total 84992K, used 35463K [0x0000000081c00000, 0x0000000100000000)
  region size 1024K, 4 young (4096K), 4 survivors (4096K)
 Metaspace       used 82264K, committed 83264K, reserved 1179648K
  class space    used 10908K, committed 11392K, reserved 1048576K
}
Event: 10813.087 GC heap before
{Heap before GC invocations=223 (full 43):
 garbage-first heap   total 84992K, used 72327K [0x0000000081c00000, 0x0000000100000000)
  region size 1024K, 41 young (41984K), 4 survivors (4096K)
 Metaspace       used 82591K, committed 83648K, reserved 1179648K
  class space    used 10934K, committed 11456K, reserved 1048576K
}

